d:\program files\programming stuff\c & c++\pong-out\project1\debug\vc120.pdb
d:\program files\programming stuff\c & c++\pong-out\project1\debug\vc120.idb
d:\program files\programming stuff\c & c++\pong-out\project1\debug\menu.obj
d:\program files\programming stuff\c & c++\pong-out\debug\pong-out.ilk
d:\program files\programming stuff\c & c++\pong-out\debug\pong-out.exe
d:\program files\programming stuff\c & c++\pong-out\debug\pong-out.pdb
d:\program files\programming stuff\c & c++\pong-out\project1\debug\ball.obj
d:\program files\programming stuff\c & c++\pong-out\project1\debug\brick.obj
d:\program files\programming stuff\c & c++\pong-out\project1\debug\database.obj
d:\program files\programming stuff\c & c++\pong-out\project1\debug\driver.obj
d:\program files\programming stuff\c & c++\pong-out\project1\debug\gltools.obj
d:\program files\programming stuff\c & c++\pong-out\project1\debug\input.obj
d:\program files\programming stuff\c & c++\pong-out\project1\debug\player.obj
d:\program files\programming stuff\c & c++\pong-out\project1\debug\rectangle.obj
d:\program files\programming stuff\c & c++\pong-out\project1\debug\shadertools.obj
d:\program files\programming stuff\c & c++\pong-out\project1\debug\pong-out.tlog\cl.command.1.tlog
d:\program files\programming stuff\c & c++\pong-out\project1\debug\pong-out.tlog\cl.read.1.tlog
d:\program files\programming stuff\c & c++\pong-out\project1\debug\pong-out.tlog\cl.write.1.tlog
d:\program files\programming stuff\c & c++\pong-out\project1\debug\pong-out.tlog\link.command.1.tlog
d:\program files\programming stuff\c & c++\pong-out\project1\debug\pong-out.tlog\link.read.1.tlog
d:\program files\programming stuff\c & c++\pong-out\project1\debug\pong-out.tlog\link.write.1.tlog
